<?xml version="1.0" encoding="UTF-8"?>
<!-- Generated by org.testng.reporters.JUnitReportReporter -->
<testsuite hostname="KULMBW-NWX0052" name="ExtentReportDemo.ExtentReportDemo" tests="1" failures="0" timestamp="12 Jun 2020 08:23:47 GMT" time="12.085" errors="0">
  <testcase name="intialDemo" time="12.085" classname="ExtentReportDemo.ExtentReportDemo"/>
</testsuite> <!-- ExtentReportDemo.ExtentReportDemo -->
